2015-03-01 13:51:46 Error: [MissingActionException] Action UsersController::itineraries() could not be found.
Exception Attributes: array (
  'controller' => 'UsersController',
  'action' => 'itineraries',
)
Request URL: /Visites/users/itineraries
Stack Trace:
#0 /var/www/html/Visites/lib/Cake/Routing/Dispatcher.php(193): Controller->invokeAction(Object(CakeRequest))
#1 /var/www/html/Visites/lib/Cake/Routing/Dispatcher.php(167): Dispatcher->_invoke(Object(UsersController), Object(CakeRequest))
#2 /var/www/html/Visites/app/webroot/index.php(118): Dispatcher->dispatch(Object(CakeRequest), Object(CakeResponse))
#3 {main}
2015-03-01 20:21:54 Error: [MissingControllerException] Controller class عController could not be found.
Exception Attributes: array (
  'class' => 'عController',
  'plugin' => NULL,
)
Request URL: /Visites/%D8%B9
Stack Trace:
#0 /var/www/html/Visites/app/webroot/index.php(118): Dispatcher->dispatch(Object(CakeRequest), Object(CakeResponse))
#1 {main}
2015-03-01 22:26:35 Error: [NotFoundException] Invalid user
Request URL: /Visites/users/view
Stack Trace:
#0 [internal function]: UsersController->view()
#1 /var/www/html/Visites/lib/Cake/Controller/Controller.php(490): ReflectionMethod->invokeArgs(Object(UsersController), Array)
#2 /var/www/html/Visites/lib/Cake/Routing/Dispatcher.php(193): Controller->invokeAction(Object(CakeRequest))
#3 /var/www/html/Visites/lib/Cake/Routing/Dispatcher.php(167): Dispatcher->_invoke(Object(UsersController), Object(CakeRequest))
#4 /var/www/html/Visites/app/webroot/index.php(118): Dispatcher->dispatch(Object(CakeRequest), Object(CakeResponse))
#5 {main}
2015-03-01 22:38:18 Error: [MissingActionException] Action ItinerariesController::lo() could not be found.
Exception Attributes: array (
  'controller' => 'ItinerariesController',
  'action' => 'lo',
)
Request URL: /Visites/itineraries/lo
Stack Trace:
#0 /var/www/html/Visites/lib/Cake/Routing/Dispatcher.php(193): Controller->invokeAction(Object(CakeRequest))
#1 /var/www/html/Visites/lib/Cake/Routing/Dispatcher.php(167): Dispatcher->_invoke(Object(ItinerariesController), Object(CakeRequest))
#2 /var/www/html/Visites/app/webroot/index.php(118): Dispatcher->dispatch(Object(CakeRequest), Object(CakeResponse))
#3 {main}
2015-03-01 23:09:22 Error: [InvalidArgumentException] Invalid Parameter , should be dot separated path or array.
Request URL: /Visites/users
Stack Trace:
#0 /var/www/html/Visites/lib/Cake/Controller/Component/AuthComponent.php(668): Hash::get(Array, false)
#1 /var/www/html/Visites/app/Controller/UsersController.php(28): AuthComponent::user(false)
#2 [internal function]: UsersController->index()
#3 /var/www/html/Visites/lib/Cake/Controller/Controller.php(490): ReflectionMethod->invokeArgs(Object(UsersController), Array)
#4 /var/www/html/Visites/lib/Cake/Routing/Dispatcher.php(193): Controller->invokeAction(Object(CakeRequest))
#5 /var/www/html/Visites/lib/Cake/Routing/Dispatcher.php(167): Dispatcher->_invoke(Object(UsersController), Object(CakeRequest))
#6 /var/www/html/Visites/app/webroot/index.php(118): Dispatcher->dispatch(Object(CakeRequest), Object(CakeResponse))
#7 {main}
2015-03-01 23:10:23 Error: [InvalidArgumentException] Invalid Parameter , should be dot separated path or array.
Request URL: /Visites/users
Stack Trace:
#0 /var/www/html/Visites/lib/Cake/Controller/Component/AuthComponent.php(668): Hash::get(Array, false)
#1 /var/www/html/Visites/app/Controller/UsersController.php(28): AuthComponent::user(false)
#2 [internal function]: UsersController->index()
#3 /var/www/html/Visites/lib/Cake/Controller/Controller.php(490): ReflectionMethod->invokeArgs(Object(UsersController), Array)
#4 /var/www/html/Visites/lib/Cake/Routing/Dispatcher.php(193): Controller->invokeAction(Object(CakeRequest))
#5 /var/www/html/Visites/lib/Cake/Routing/Dispatcher.php(167): Dispatcher->_invoke(Object(UsersController), Object(CakeRequest))
#6 /var/www/html/Visites/app/webroot/index.php(118): Dispatcher->dispatch(Object(CakeRequest), Object(CakeResponse))
#7 {main}
2015-03-01 23:10:58 Error: [InvalidArgumentException] Invalid Parameter , should be dot separated path or array.
Request URL: /Visites/users
Stack Trace:
#0 /var/www/html/Visites/lib/Cake/Controller/Component/AuthComponent.php(668): Hash::get(Array, false)
#1 /var/www/html/Visites/app/Controller/UsersController.php(28): AuthComponent::user(false)
#2 [internal function]: UsersController->index()
#3 /var/www/html/Visites/lib/Cake/Controller/Controller.php(490): ReflectionMethod->invokeArgs(Object(UsersController), Array)
#4 /var/www/html/Visites/lib/Cake/Routing/Dispatcher.php(193): Controller->invokeAction(Object(CakeRequest))
#5 /var/www/html/Visites/lib/Cake/Routing/Dispatcher.php(167): Dispatcher->_invoke(Object(UsersController), Object(CakeRequest))
#6 /var/www/html/Visites/app/webroot/index.php(118): Dispatcher->dispatch(Object(CakeRequest), Object(CakeResponse))
#7 {main}
2015-03-01 23:11:00 Error: [InvalidArgumentException] Invalid Parameter , should be dot separated path or array.
Request URL: /Visites/users
Stack Trace:
#0 /var/www/html/Visites/lib/Cake/Controller/Component/AuthComponent.php(668): Hash::get(Array, false)
#1 /var/www/html/Visites/app/Controller/UsersController.php(28): AuthComponent::user(false)
#2 [internal function]: UsersController->index()
#3 /var/www/html/Visites/lib/Cake/Controller/Controller.php(490): ReflectionMethod->invokeArgs(Object(UsersController), Array)
#4 /var/www/html/Visites/lib/Cake/Routing/Dispatcher.php(193): Controller->invokeAction(Object(CakeRequest))
#5 /var/www/html/Visites/lib/Cake/Routing/Dispatcher.php(167): Dispatcher->_invoke(Object(UsersController), Object(CakeRequest))
#6 /var/www/html/Visites/app/webroot/index.php(118): Dispatcher->dispatch(Object(CakeRequest), Object(CakeResponse))
#7 {main}
2015-03-01 23:11:06 Error: [InvalidArgumentException] Invalid Parameter , should be dot separated path or array.
Request URL: /Visites/users/
Stack Trace:
#0 /var/www/html/Visites/lib/Cake/Controller/Component/AuthComponent.php(668): Hash::get(Array, false)
#1 /var/www/html/Visites/app/Controller/UsersController.php(28): AuthComponent::user(false)
#2 [internal function]: UsersController->index()
#3 /var/www/html/Visites/lib/Cake/Controller/Controller.php(490): ReflectionMethod->invokeArgs(Object(UsersController), Array)
#4 /var/www/html/Visites/lib/Cake/Routing/Dispatcher.php(193): Controller->invokeAction(Object(CakeRequest))
#5 /var/www/html/Visites/lib/Cake/Routing/Dispatcher.php(167): Dispatcher->_invoke(Object(UsersController), Object(CakeRequest))
#6 /var/www/html/Visites/app/webroot/index.php(118): Dispatcher->dispatch(Object(CakeRequest), Object(CakeResponse))
#7 {main}
2015-03-01 23:12:51 Error: [InvalidArgumentException] Invalid Parameter , should be dot separated path or array.
Request URL: /Visites/users
Stack Trace:
#0 /var/www/html/Visites/lib/Cake/Controller/Component/AuthComponent.php(668): Hash::get(Array, false)
#1 /var/www/html/Visites/app/Controller/UsersController.php(28): AuthComponent::user(false)
#2 [internal function]: UsersController->index()
#3 /var/www/html/Visites/lib/Cake/Controller/Controller.php(490): ReflectionMethod->invokeArgs(Object(UsersController), Array)
#4 /var/www/html/Visites/lib/Cake/Routing/Dispatcher.php(193): Controller->invokeAction(Object(CakeRequest))
#5 /var/www/html/Visites/lib/Cake/Routing/Dispatcher.php(167): Dispatcher->_invoke(Object(UsersController), Object(CakeRequest))
#6 /var/www/html/Visites/app/webroot/index.php(118): Dispatcher->dispatch(Object(CakeRequest), Object(CakeResponse))
#7 {main}
2015-03-01 23:15:10 Error: [InvalidArgumentException] Invalid Parameter , should be dot separated path or array.
Request URL: /Visites/users
Stack Trace:
#0 /var/www/html/Visites/lib/Cake/Controller/Component/AuthComponent.php(668): Hash::get(Array, false)
#1 /var/www/html/Visites/app/Controller/UsersController.php(28): AuthComponent::user(false)
#2 [internal function]: UsersController->index()
#3 /var/www/html/Visites/lib/Cake/Controller/Controller.php(490): ReflectionMethod->invokeArgs(Object(UsersController), Array)
#4 /var/www/html/Visites/lib/Cake/Routing/Dispatcher.php(193): Controller->invokeAction(Object(CakeRequest))
#5 /var/www/html/Visites/lib/Cake/Routing/Dispatcher.php(167): Dispatcher->_invoke(Object(UsersController), Object(CakeRequest))
#6 /var/www/html/Visites/app/webroot/index.php(118): Dispatcher->dispatch(Object(CakeRequest), Object(CakeResponse))
#7 {main}
2015-03-01 23:15:31 Error: [InvalidArgumentException] Invalid Parameter , should be dot separated path or array.
Request URL: /Visites/users
Stack Trace:
#0 /var/www/html/Visites/lib/Cake/Controller/Component/AuthComponent.php(668): Hash::get(Array, false)
#1 /var/www/html/Visites/app/Controller/UsersController.php(28): AuthComponent::user(false)
#2 [internal function]: UsersController->index()
#3 /var/www/html/Visites/lib/Cake/Controller/Controller.php(490): ReflectionMethod->invokeArgs(Object(UsersController), Array)
#4 /var/www/html/Visites/lib/Cake/Routing/Dispatcher.php(193): Controller->invokeAction(Object(CakeRequest))
#5 /var/www/html/Visites/lib/Cake/Routing/Dispatcher.php(167): Dispatcher->_invoke(Object(UsersController), Object(CakeRequest))
#6 /var/www/html/Visites/app/webroot/index.php(118): Dispatcher->dispatch(Object(CakeRequest), Object(CakeResponse))
#7 {main}
2015-03-02 00:40:51 Error: [NotFoundException] Invalid itinerary
Request URL: /Visites/itineraries/view/
Stack Trace:
#0 [internal function]: ItinerariesController->view()
#1 /var/www/html/Visites/lib/Cake/Controller/Controller.php(490): ReflectionMethod->invokeArgs(Object(ItinerariesController), Array)
#2 /var/www/html/Visites/lib/Cake/Routing/Dispatcher.php(193): Controller->invokeAction(Object(CakeRequest))
#3 /var/www/html/Visites/lib/Cake/Routing/Dispatcher.php(167): Dispatcher->_invoke(Object(ItinerariesController), Object(CakeRequest))
#4 /var/www/html/Visites/app/webroot/index.php(118): Dispatcher->dispatch(Object(CakeRequest), Object(CakeResponse))
#5 {main}
2015-03-02 01:20:34 Error: [MissingHelperException] Helper class AuthHelper could not be found.
Exception Attributes: array (
  'class' => 'AuthHelper',
  'plugin' => false,
)
Request URL: /Visites/itineraries
Stack Trace:
#0 /var/www/html/Visites/lib/Cake/View/HelperCollection.php(63): HelperCollection->load('Auth')
#1 /var/www/html/Visites/lib/Cake/View/View.php(848): HelperCollection->__isset('Auth')
#2 /var/www/html/Visites/app/View/Itineraries/index.ctp(10): View->__get('Auth')
#3 /var/www/html/Visites/lib/Cake/View/View.php(961): include('/var/www/html/V...')
#4 /var/www/html/Visites/lib/Cake/View/View.php(923): View->_evaluate('/var/www/html/V...', Array)
#5 /var/www/html/Visites/lib/Cake/View/View.php(473): View->_render('/var/www/html/V...')
#6 /var/www/html/Visites/lib/Cake/Controller/Controller.php(960): View->render(NULL, NULL)
#7 /var/www/html/Visites/lib/Cake/Routing/Dispatcher.php(200): Controller->render()
#8 /var/www/html/Visites/lib/Cake/Routing/Dispatcher.php(167): Dispatcher->_invoke(Object(ItinerariesController), Object(CakeRequest))
#9 /var/www/html/Visites/app/webroot/index.php(118): Dispatcher->dispatch(Object(CakeRequest), Object(CakeResponse))
#10 {main}
2015-03-02 01:20:40 Error: [MissingHelperException] Helper class AuthHelper could not be found.
Exception Attributes: array (
  'class' => 'AuthHelper',
  'plugin' => false,
)
Request URL: /Visites/itineraries
Stack Trace:
#0 /var/www/html/Visites/lib/Cake/View/HelperCollection.php(63): HelperCollection->load('Auth')
#1 /var/www/html/Visites/lib/Cake/View/View.php(848): HelperCollection->__isset('Auth')
#2 /var/www/html/Visites/app/View/Itineraries/index.ctp(10): View->__get('Auth')
#3 /var/www/html/Visites/lib/Cake/View/View.php(961): include('/var/www/html/V...')
#4 /var/www/html/Visites/lib/Cake/View/View.php(923): View->_evaluate('/var/www/html/V...', Array)
#5 /var/www/html/Visites/lib/Cake/View/View.php(473): View->_render('/var/www/html/V...')
#6 /var/www/html/Visites/lib/Cake/Controller/Controller.php(960): View->render(NULL, NULL)
#7 /var/www/html/Visites/lib/Cake/Routing/Dispatcher.php(200): Controller->render()
#8 /var/www/html/Visites/lib/Cake/Routing/Dispatcher.php(167): Dispatcher->_invoke(Object(ItinerariesController), Object(CakeRequest))
#9 /var/www/html/Visites/app/webroot/index.php(118): Dispatcher->dispatch(Object(CakeRequest), Object(CakeResponse))
#10 {main}
2015-03-02 22:34:00 Error: [MissingActionException] Action UsersController::users() could not be found.
Exception Attributes: array (
  'controller' => 'UsersController',
  'action' => 'users',
)
Request URL: /Visites/users/users/index
Stack Trace:
#0 /var/www/html/Visites/lib/Cake/Routing/Dispatcher.php(193): Controller->invokeAction(Object(CakeRequest))
#1 /var/www/html/Visites/lib/Cake/Routing/Dispatcher.php(167): Dispatcher->_invoke(Object(UsersController), Object(CakeRequest))
#2 /var/www/html/Visites/app/webroot/index.php(118): Dispatcher->dispatch(Object(CakeRequest), Object(CakeResponse))
#3 {main}
2015-03-02 22:34:42 Error: [MissingActionException] Action UsersController::users() could not be found.
Exception Attributes: array (
  'controller' => 'UsersController',
  'action' => 'users',
)
Request URL: /Visites/users/users/index
Stack Trace:
#0 /var/www/html/Visites/lib/Cake/Routing/Dispatcher.php(193): Controller->invokeAction(Object(CakeRequest))
#1 /var/www/html/Visites/lib/Cake/Routing/Dispatcher.php(167): Dispatcher->_invoke(Object(UsersController), Object(CakeRequest))
#2 /var/www/html/Visites/app/webroot/index.php(118): Dispatcher->dispatch(Object(CakeRequest), Object(CakeResponse))
#3 {main}
2015-03-02 22:34:42 Error: [MissingActionException] Action UsersController::users() could not be found.
Exception Attributes: array (
  'controller' => 'UsersController',
  'action' => 'users',
)
Request URL: /Visites/users/users/index
Stack Trace:
#0 /var/www/html/Visites/lib/Cake/Routing/Dispatcher.php(193): Controller->invokeAction(Object(CakeRequest))
#1 /var/www/html/Visites/lib/Cake/Routing/Dispatcher.php(167): Dispatcher->_invoke(Object(UsersController), Object(CakeRequest))
#2 /var/www/html/Visites/app/webroot/index.php(118): Dispatcher->dispatch(Object(CakeRequest), Object(CakeResponse))
#3 {main}
2015-03-02 22:34:56 Error: [MissingActionException] Action UsersController::users() could not be found.
Exception Attributes: array (
  'controller' => 'UsersController',
  'action' => 'users',
)
Request URL: /Visites/users/users/index
Stack Trace:
#0 /var/www/html/Visites/lib/Cake/Routing/Dispatcher.php(193): Controller->invokeAction(Object(CakeRequest))
#1 /var/www/html/Visites/lib/Cake/Routing/Dispatcher.php(167): Dispatcher->_invoke(Object(UsersController), Object(CakeRequest))
#2 /var/www/html/Visites/app/webroot/index.php(118): Dispatcher->dispatch(Object(CakeRequest), Object(CakeResponse))
#3 {main}
2015-03-02 23:27:25 Error: [MissingViewException] View file "Users/Itineraries/add.ctp" is missing.
Exception Attributes: array (
  'file' => 'Users/Itineraries/add.ctp',
)
Request URL: /Visites/users
Stack Trace:
#0 /var/www/html/Visites/lib/Cake/View/View.php(470): View->_getViewFileName('Itineraries/add')
#1 /var/www/html/Visites/lib/Cake/Controller/Controller.php(960): View->render('Itineraries/add', NULL)
#2 /var/www/html/Visites/app/Controller/UsersController.php(27): Controller->render('Itineraries/add')
#3 [internal function]: UsersController->index()
#4 /var/www/html/Visites/lib/Cake/Controller/Controller.php(490): ReflectionMethod->invokeArgs(Object(UsersController), Array)
#5 /var/www/html/Visites/lib/Cake/Routing/Dispatcher.php(193): Controller->invokeAction(Object(CakeRequest))
#6 /var/www/html/Visites/lib/Cake/Routing/Dispatcher.php(167): Dispatcher->_invoke(Object(UsersController), Object(CakeRequest))
#7 /var/www/html/Visites/app/webroot/index.php(118): Dispatcher->dispatch(Object(CakeRequest), Object(CakeResponse))
#8 {main}
2015-03-03 15:56:31 Error: [PDOException] SQLSTATE[42S22]: Column not found: 1054 Unknown column 'User.name' in 'where clause'
Request URL: /Visites/users
Stack Trace:
#0 /var/www/html/Visites/lib/Cake/Model/Datasource/DboSource.php(460): PDOStatement->execute(Array)
#1 /var/www/html/Visites/lib/Cake/Model/Datasource/DboSource.php(426): DboSource->_execute('SELECT `User`.`...', Array)
#2 /var/www/html/Visites/lib/Cake/Model/Datasource/DboSource.php(668): DboSource->execute('SELECT `User`.`...', Array, Array)
#3 /var/www/html/Visites/lib/Cake/Model/Datasource/DboSource.php(1106): DboSource->fetchAll('SELECT `User`.`...', false)
#4 /var/www/html/Visites/lib/Cake/Model/Model.php(3022): DboSource->read(Object(User), Array)
#5 /var/www/html/Visites/lib/Cake/Model/Model.php(2994): Model->_readDataSource('first', Array)
#6 /var/www/html/Visites/lib/Cake/Model/Datasource/DboSource.php(599): Model->find('first', Array)
#7 /var/www/html/Visites/lib/Cake/Model/Model.php(827): DboSource->query('findByName', Array, Object(User))
#8 /var/www/html/Visites/app/Controller/UsersController.php(31): Model->__call('findByName', Array)
#9 /var/www/html/Visites/app/Controller/UsersController.php(31): User->findByName('xgen')
#10 [internal function]: UsersController->index()
#11 /var/www/html/Visites/lib/Cake/Controller/Controller.php(490): ReflectionMethod->invokeArgs(Object(UsersController), Array)
#12 /var/www/html/Visites/lib/Cake/Routing/Dispatcher.php(193): Controller->invokeAction(Object(CakeRequest))
#13 /var/www/html/Visites/lib/Cake/Routing/Dispatcher.php(167): Dispatcher->_invoke(Object(UsersController), Object(CakeRequest))
#14 /var/www/html/Visites/app/webroot/index.php(118): Dispatcher->dispatch(Object(CakeRequest), Object(CakeResponse))
#15 {main}
2015-03-03 15:56:50 Error: [PDOException] SQLSTATE[42S22]: Column not found: 1054 Unknown column 'User.name' in 'where clause'
Request URL: /Visites/users
Stack Trace:
#0 /var/www/html/Visites/lib/Cake/Model/Datasource/DboSource.php(460): PDOStatement->execute(Array)
#1 /var/www/html/Visites/lib/Cake/Model/Datasource/DboSource.php(426): DboSource->_execute('SELECT `User`.`...', Array)
#2 /var/www/html/Visites/lib/Cake/Model/Datasource/DboSource.php(668): DboSource->execute('SELECT `User`.`...', Array, Array)
#3 /var/www/html/Visites/lib/Cake/Model/Datasource/DboSource.php(1106): DboSource->fetchAll('SELECT `User`.`...', false)
#4 /var/www/html/Visites/lib/Cake/Model/Model.php(3022): DboSource->read(Object(User), Array)
#5 /var/www/html/Visites/lib/Cake/Model/Model.php(2994): Model->_readDataSource('first', Array)
#6 /var/www/html/Visites/lib/Cake/Model/Datasource/DboSource.php(599): Model->find('first', Array)
#7 /var/www/html/Visites/lib/Cake/Model/Model.php(827): DboSource->query('findByName', Array, Object(User))
#8 /var/www/html/Visites/app/Controller/UsersController.php(31): Model->__call('findByName', Array)
#9 /var/www/html/Visites/app/Controller/UsersController.php(31): User->findByName('username')
#10 [internal function]: UsersController->index()
#11 /var/www/html/Visites/lib/Cake/Controller/Controller.php(490): ReflectionMethod->invokeArgs(Object(UsersController), Array)
#12 /var/www/html/Visites/lib/Cake/Routing/Dispatcher.php(193): Controller->invokeAction(Object(CakeRequest))
#13 /var/www/html/Visites/lib/Cake/Routing/Dispatcher.php(167): Dispatcher->_invoke(Object(UsersController), Object(CakeRequest))
#14 /var/www/html/Visites/app/webroot/index.php(118): Dispatcher->dispatch(Object(CakeRequest), Object(CakeResponse))
#15 {main}
2015-03-03 15:56:52 Error: [PDOException] SQLSTATE[42S22]: Column not found: 1054 Unknown column 'User.name' in 'where clause'
Request URL: /Visites/users
Stack Trace:
#0 /var/www/html/Visites/lib/Cake/Model/Datasource/DboSource.php(460): PDOStatement->execute(Array)
#1 /var/www/html/Visites/lib/Cake/Model/Datasource/DboSource.php(426): DboSource->_execute('SELECT `User`.`...', Array)
#2 /var/www/html/Visites/lib/Cake/Model/Datasource/DboSource.php(668): DboSource->execute('SELECT `User`.`...', Array, Array)
#3 /var/www/html/Visites/lib/Cake/Model/Datasource/DboSource.php(1106): DboSource->fetchAll('SELECT `User`.`...', false)
#4 /var/www/html/Visites/lib/Cake/Model/Model.php(3022): DboSource->read(Object(User), Array)
#5 /var/www/html/Visites/lib/Cake/Model/Model.php(2994): Model->_readDataSource('first', Array)
#6 /var/www/html/Visites/lib/Cake/Model/Datasource/DboSource.php(599): Model->find('first', Array)
#7 /var/www/html/Visites/lib/Cake/Model/Model.php(827): DboSource->query('findByName', Array, Object(User))
#8 /var/www/html/Visites/app/Controller/UsersController.php(31): Model->__call('findByName', Array)
#9 /var/www/html/Visites/app/Controller/UsersController.php(31): User->findByName('username')
#10 [internal function]: UsersController->index()
#11 /var/www/html/Visites/lib/Cake/Controller/Controller.php(490): ReflectionMethod->invokeArgs(Object(UsersController), Array)
#12 /var/www/html/Visites/lib/Cake/Routing/Dispatcher.php(193): Controller->invokeAction(Object(CakeRequest))
#13 /var/www/html/Visites/lib/Cake/Routing/Dispatcher.php(167): Dispatcher->_invoke(Object(UsersController), Object(CakeRequest))
#14 /var/www/html/Visites/app/webroot/index.php(118): Dispatcher->dispatch(Object(CakeRequest), Object(CakeResponse))
#15 {main}
2015-03-03 15:56:53 Error: [PDOException] SQLSTATE[42S22]: Column not found: 1054 Unknown column 'User.name' in 'where clause'
Request URL: /Visites/users
Stack Trace:
#0 /var/www/html/Visites/lib/Cake/Model/Datasource/DboSource.php(460): PDOStatement->execute(Array)
#1 /var/www/html/Visites/lib/Cake/Model/Datasource/DboSource.php(426): DboSource->_execute('SELECT `User`.`...', Array)
#2 /var/www/html/Visites/lib/Cake/Model/Datasource/DboSource.php(668): DboSource->execute('SELECT `User`.`...', Array, Array)
#3 /var/www/html/Visites/lib/Cake/Model/Datasource/DboSource.php(1106): DboSource->fetchAll('SELECT `User`.`...', false)
#4 /var/www/html/Visites/lib/Cake/Model/Model.php(3022): DboSource->read(Object(User), Array)
#5 /var/www/html/Visites/lib/Cake/Model/Model.php(2994): Model->_readDataSource('first', Array)
#6 /var/www/html/Visites/lib/Cake/Model/Datasource/DboSource.php(599): Model->find('first', Array)
#7 /var/www/html/Visites/lib/Cake/Model/Model.php(827): DboSource->query('findByName', Array, Object(User))
#8 /var/www/html/Visites/app/Controller/UsersController.php(31): Model->__call('findByName', Array)
#9 /var/www/html/Visites/app/Controller/UsersController.php(31): User->findByName('username')
#10 [internal function]: UsersController->index()
#11 /var/www/html/Visites/lib/Cake/Controller/Controller.php(490): ReflectionMethod->invokeArgs(Object(UsersController), Array)
#12 /var/www/html/Visites/lib/Cake/Routing/Dispatcher.php(193): Controller->invokeAction(Object(CakeRequest))
#13 /var/www/html/Visites/lib/Cake/Routing/Dispatcher.php(167): Dispatcher->_invoke(Object(UsersController), Object(CakeRequest))
#14 /var/www/html/Visites/app/webroot/index.php(118): Dispatcher->dispatch(Object(CakeRequest), Object(CakeResponse))
#15 {main}
2015-03-03 15:57:20 Error: [PDOException] SQLSTATE[42S22]: Column not found: 1054 Unknown column 'User.name' in 'where clause'
Request URL: /Visites/users
Stack Trace:
#0 /var/www/html/Visites/lib/Cake/Model/Datasource/DboSource.php(460): PDOStatement->execute(Array)
#1 /var/www/html/Visites/lib/Cake/Model/Datasource/DboSource.php(426): DboSource->_execute('SELECT `User`.`...', Array)
#2 /var/www/html/Visites/lib/Cake/Model/Datasource/DboSource.php(668): DboSource->execute('SELECT `User`.`...', Array, Array)
#3 /var/www/html/Visites/lib/Cake/Model/Datasource/DboSource.php(1106): DboSource->fetchAll('SELECT `User`.`...', false)
#4 /var/www/html/Visites/lib/Cake/Model/Model.php(3022): DboSource->read(Object(User), Array)
#5 /var/www/html/Visites/lib/Cake/Model/Model.php(2994): Model->_readDataSource('first', Array)
#6 /var/www/html/Visites/lib/Cake/Model/Datasource/DboSource.php(599): Model->find('first', Array)
#7 /var/www/html/Visites/lib/Cake/Model/Model.php(827): DboSource->query('findByName', Array, Object(User))
#8 /var/www/html/Visites/app/Controller/UsersController.php(31): Model->__call('findByName', Array)
#9 /var/www/html/Visites/app/Controller/UsersController.php(31): User->findByName('username')
#10 [internal function]: UsersController->index()
#11 /var/www/html/Visites/lib/Cake/Controller/Controller.php(490): ReflectionMethod->invokeArgs(Object(UsersController), Array)
#12 /var/www/html/Visites/lib/Cake/Routing/Dispatcher.php(193): Controller->invokeAction(Object(CakeRequest))
#13 /var/www/html/Visites/lib/Cake/Routing/Dispatcher.php(167): Dispatcher->_invoke(Object(UsersController), Object(CakeRequest))
#14 /var/www/html/Visites/app/webroot/index.php(118): Dispatcher->dispatch(Object(CakeRequest), Object(CakeResponse))
#15 {main}
2015-03-03 15:57:29 Error: [PDOException] SQLSTATE[42S22]: Column not found: 1054 Unknown column 'User.name' in 'where clause'
Request URL: /Visites/users
Stack Trace:
#0 /var/www/html/Visites/lib/Cake/Model/Datasource/DboSource.php(460): PDOStatement->execute(Array)
#1 /var/www/html/Visites/lib/Cake/Model/Datasource/DboSource.php(426): DboSource->_execute('SELECT `User`.`...', Array)
#2 /var/www/html/Visites/lib/Cake/Model/Datasource/DboSource.php(668): DboSource->execute('SELECT `User`.`...', Array, Array)
#3 /var/www/html/Visites/lib/Cake/Model/Datasource/DboSource.php(1106): DboSource->fetchAll('SELECT `User`.`...', false)
#4 /var/www/html/Visites/lib/Cake/Model/Model.php(3022): DboSource->read(Object(User), Array)
#5 /var/www/html/Visites/lib/Cake/Model/Model.php(2994): Model->_readDataSource('first', Array)
#6 /var/www/html/Visites/lib/Cake/Model/Datasource/DboSource.php(599): Model->find('first', Array)
#7 /var/www/html/Visites/lib/Cake/Model/Model.php(827): DboSource->query('findByName', Array, Object(User))
#8 /var/www/html/Visites/app/Controller/UsersController.php(31): Model->__call('findByName', Array)
#9 /var/www/html/Visites/app/Controller/UsersController.php(31): User->findByName('username')
#10 [internal function]: UsersController->index()
#11 /var/www/html/Visites/lib/Cake/Controller/Controller.php(490): ReflectionMethod->invokeArgs(Object(UsersController), Array)
#12 /var/www/html/Visites/lib/Cake/Routing/Dispatcher.php(193): Controller->invokeAction(Object(CakeRequest))
#13 /var/www/html/Visites/lib/Cake/Routing/Dispatcher.php(167): Dispatcher->_invoke(Object(UsersController), Object(CakeRequest))
#14 /var/www/html/Visites/app/webroot/index.php(118): Dispatcher->dispatch(Object(CakeRequest), Object(CakeResponse))
#15 {main}
2015-03-03 15:57:29 Error: [PDOException] SQLSTATE[42S22]: Column not found: 1054 Unknown column 'User.name' in 'where clause'
Request URL: /Visites/users
Stack Trace:
#0 /var/www/html/Visites/lib/Cake/Model/Datasource/DboSource.php(460): PDOStatement->execute(Array)
#1 /var/www/html/Visites/lib/Cake/Model/Datasource/DboSource.php(426): DboSource->_execute('SELECT `User`.`...', Array)
#2 /var/www/html/Visites/lib/Cake/Model/Datasource/DboSource.php(668): DboSource->execute('SELECT `User`.`...', Array, Array)
#3 /var/www/html/Visites/lib/Cake/Model/Datasource/DboSource.php(1106): DboSource->fetchAll('SELECT `User`.`...', false)
#4 /var/www/html/Visites/lib/Cake/Model/Model.php(3022): DboSource->read(Object(User), Array)
#5 /var/www/html/Visites/lib/Cake/Model/Model.php(2994): Model->_readDataSource('first', Array)
#6 /var/www/html/Visites/lib/Cake/Model/Datasource/DboSource.php(599): Model->find('first', Array)
#7 /var/www/html/Visites/lib/Cake/Model/Model.php(827): DboSource->query('findByName', Array, Object(User))
#8 /var/www/html/Visites/app/Controller/UsersController.php(31): Model->__call('findByName', Array)
#9 /var/www/html/Visites/app/Controller/UsersController.php(31): User->findByName('username')
#10 [internal function]: UsersController->index()
#11 /var/www/html/Visites/lib/Cake/Controller/Controller.php(490): ReflectionMethod->invokeArgs(Object(UsersController), Array)
#12 /var/www/html/Visites/lib/Cake/Routing/Dispatcher.php(193): Controller->invokeAction(Object(CakeRequest))
#13 /var/www/html/Visites/lib/Cake/Routing/Dispatcher.php(167): Dispatcher->_invoke(Object(UsersController), Object(CakeRequest))
#14 /var/www/html/Visites/app/webroot/index.php(118): Dispatcher->dispatch(Object(CakeRequest), Object(CakeResponse))
#15 {main}
2015-03-03 15:58:19 Error: [PDOException] SQLSTATE[42S22]: Column not found: 1054 Unknown column 'User.name' in 'where clause'
Request URL: /Visites/users
Stack Trace:
#0 /var/www/html/Visites/lib/Cake/Model/Datasource/DboSource.php(460): PDOStatement->execute(Array)
#1 /var/www/html/Visites/lib/Cake/Model/Datasource/DboSource.php(426): DboSource->_execute('SELECT `User`.`...', Array)
#2 /var/www/html/Visites/lib/Cake/Model/Datasource/DboSource.php(668): DboSource->execute('SELECT `User`.`...', Array, Array)
#3 /var/www/html/Visites/lib/Cake/Model/Datasource/DboSource.php(1106): DboSource->fetchAll('SELECT `User`.`...', false)
#4 /var/www/html/Visites/lib/Cake/Model/Model.php(3022): DboSource->read(Object(User), Array)
#5 /var/www/html/Visites/lib/Cake/Model/Model.php(2994): Model->_readDataSource('first', Array)
#6 /var/www/html/Visites/lib/Cake/Model/Datasource/DboSource.php(599): Model->find('first', Array)
#7 /var/www/html/Visites/lib/Cake/Model/Model.php(827): DboSource->query('findByName', Array, Object(User))
#8 /var/www/html/Visites/app/Controller/UsersController.php(31): Model->__call('findByName', Array)
#9 /var/www/html/Visites/app/Controller/UsersController.php(31): User->findByName('Steak')
#10 [internal function]: UsersController->index()
#11 /var/www/html/Visites/lib/Cake/Controller/Controller.php(490): ReflectionMethod->invokeArgs(Object(UsersController), Array)
#12 /var/www/html/Visites/lib/Cake/Routing/Dispatcher.php(193): Controller->invokeAction(Object(CakeRequest))
#13 /var/www/html/Visites/lib/Cake/Routing/Dispatcher.php(167): Dispatcher->_invoke(Object(UsersController), Object(CakeRequest))
#14 /var/www/html/Visites/app/webroot/index.php(118): Dispatcher->dispatch(Object(CakeRequest), Object(CakeResponse))
#15 {main}
2015-03-03 15:58:20 Error: [PDOException] SQLSTATE[42S22]: Column not found: 1054 Unknown column 'User.name' in 'where clause'
Request URL: /Visites/users
Stack Trace:
#0 /var/www/html/Visites/lib/Cake/Model/Datasource/DboSource.php(460): PDOStatement->execute(Array)
#1 /var/www/html/Visites/lib/Cake/Model/Datasource/DboSource.php(426): DboSource->_execute('SELECT `User`.`...', Array)
#2 /var/www/html/Visites/lib/Cake/Model/Datasource/DboSource.php(668): DboSource->execute('SELECT `User`.`...', Array, Array)
#3 /var/www/html/Visites/lib/Cake/Model/Datasource/DboSource.php(1106): DboSource->fetchAll('SELECT `User`.`...', false)
#4 /var/www/html/Visites/lib/Cake/Model/Model.php(3022): DboSource->read(Object(User), Array)
#5 /var/www/html/Visites/lib/Cake/Model/Model.php(2994): Model->_readDataSource('first', Array)
#6 /var/www/html/Visites/lib/Cake/Model/Datasource/DboSource.php(599): Model->find('first', Array)
#7 /var/www/html/Visites/lib/Cake/Model/Model.php(827): DboSource->query('findByName', Array, Object(User))
#8 /var/www/html/Visites/app/Controller/UsersController.php(31): Model->__call('findByName', Array)
#9 /var/www/html/Visites/app/Controller/UsersController.php(31): User->findByName('Steak')
#10 [internal function]: UsersController->index()
#11 /var/www/html/Visites/lib/Cake/Controller/Controller.php(490): ReflectionMethod->invokeArgs(Object(UsersController), Array)
#12 /var/www/html/Visites/lib/Cake/Routing/Dispatcher.php(193): Controller->invokeAction(Object(CakeRequest))
#13 /var/www/html/Visites/lib/Cake/Routing/Dispatcher.php(167): Dispatcher->_invoke(Object(UsersController), Object(CakeRequest))
#14 /var/www/html/Visites/app/webroot/index.php(118): Dispatcher->dispatch(Object(CakeRequest), Object(CakeResponse))
#15 {main}
